<?xml version="1.0" encoding="UTF-8"?>
<testng-results ignored="0" total="2" passed="2" failed="0" skipped="0">
  <reporter-output>
  </reporter-output>
  <suite started-at="2023-06-08T12:00:49 IST" name="Default suite" finished-at="2023-06-08T12:02:14 IST" duration-ms="85324">
    <groups>
      <group name="cucumber">
        <method signature="AbstractTestNGCucumberTests.runScenario(io.cucumber.testng.PickleWrapper,io.cucumber.testng.FeatureWrapper)[pri:0, instance:testrunner.ProductDetails_TestRunner2@48bb62]" name="runScenario" class="io.cucumber.testng.AbstractTestNGCucumberTests"/>
      </group> <!-- cucumber -->
    </groups>
    <test started-at="2023-06-08T12:00:49 IST" name="Default test" finished-at="2023-06-08T12:02:14 IST" duration-ms="85324">
      <class name="testrunner.ProductDetails_TestRunner2">
        <test-method is-config="true" signature="setUpClass(org.testng.ITestContext)[pri:0, instance:testrunner.ProductDetails_TestRunner2@48bb62]" started-at="2023-06-08T12:00:49 IST" name="setUpClass" finished-at="2023-06-08T12:00:50 IST" duration-ms="784" status="PASS">
          <params>
            <param index="0">
              <value>
                <![CDATA[org.testng.TestRunner@3e43f049]]>
              </value>
            </param>
          </params>
          <reporter-output>
          </reporter-output>
        </test-method> <!-- setUpClass -->
        <test-method signature="runScenario(io.cucumber.testng.PickleWrapper,io.cucumber.testng.FeatureWrapper)[pri:0, instance:testrunner.ProductDetails_TestRunner2@48bb62]" started-at="2023-06-08T12:00:50 IST" name="runScenario" description="Runs Cucumber Scenarios" data-provider="scenarios" finished-at="2023-06-08T12:01:33 IST" duration-ms="42989" status="PASS">
          <params>
            <param index="0">
              <value>
                <![CDATA["Verify Contact Details functionality with valid data"]]>
              </value>
            </param>
            <param index="1">
              <value>
                <![CDATA["ProductDetails"]]>
              </value>
            </param>
          </params>
          <reporter-output>
          </reporter-output>
        </test-method> <!-- runScenario -->
        <test-method signature="runScenario(io.cucumber.testng.PickleWrapper,io.cucumber.testng.FeatureWrapper)[pri:0, instance:testrunner.ProductDetails_TestRunner2@48bb62]" started-at="2023-06-08T12:01:33 IST" name="runScenario" description="Runs Cucumber Scenarios" data-provider="scenarios" finished-at="2023-06-08T12:02:14 IST" duration-ms="41399" status="PASS">
          <params>
            <param index="0">
              <value>
                <![CDATA["Verify Contact Details functionality with invalid data"]]>
              </value>
            </param>
            <param index="1">
              <value>
                <![CDATA["ProductDetails"]]>
              </value>
            </param>
          </params>
          <reporter-output>
          </reporter-output>
        </test-method> <!-- runScenario -->
        <test-method is-config="true" signature="tearDownClass()[pri:0, instance:testrunner.ProductDetails_TestRunner2@48bb62]" started-at="2023-06-08T12:02:14 IST" name="tearDownClass" finished-at="2023-06-08T12:02:14 IST" duration-ms="85" status="PASS">
          <reporter-output>
          </reporter-output>
        </test-method> <!-- tearDownClass -->
      </class> <!-- testrunner.ProductDetails_TestRunner2 -->
    </test> <!-- Default test -->
  </suite> <!-- Default suite -->
</testng-results>
